D:\POLINOM\POLINOM.CPP\DEBUG\POLINOM.CPP.EXE
D:\POLINOM\POLINOM.CPP\DEBUG\POLINOM.CPP.ILK
D:\POLINOM\POLINOM.CPP\DEBUG\POLINOM.CPP.PDB
D:\Polinom\polinom.cpp\polinom.cpp\Debug\cl.command.1.tlog
D:\Polinom\polinom.cpp\polinom.cpp\Debug\CL.read.1.tlog
D:\Polinom\polinom.cpp\polinom.cpp\Debug\CL.write.1.tlog
D:\Polinom\polinom.cpp\polinom.cpp\Debug\link.1036.read.1.tlog
D:\Polinom\polinom.cpp\polinom.cpp\Debug\link.1036.write.1.tlog
D:\Polinom\polinom.cpp\polinom.cpp\Debug\link.1036-cvtres.read.1.tlog
D:\Polinom\polinom.cpp\polinom.cpp\Debug\link.1036-cvtres.write.1.tlog
D:\Polinom\polinom.cpp\polinom.cpp\Debug\link.command.1.tlog
D:\Polinom\polinom.cpp\polinom.cpp\Debug\link.read.1.tlog
D:\Polinom\polinom.cpp\polinom.cpp\Debug\link.write.1.tlog
D:\Polinom\polinom.cpp\polinom.cpp\Debug\link-cvtres.read.1.tlog
D:\Polinom\polinom.cpp\polinom.cpp\Debug\link-cvtres.write.1.tlog
D:\POLINOM\POLINOM.CPP\POLINOM.CPP\DEBUG\MAIN.OBJ
D:\POLINOM\POLINOM.CPP\POLINOM.CPP\DEBUG\MONOM.OBJ
D:\Polinom\polinom.cpp\polinom.cpp\Debug\mt.command.1.tlog
D:\Polinom\polinom.cpp\polinom.cpp\Debug\mt.read.1.tlog
D:\Polinom\polinom.cpp\polinom.cpp\Debug\mt.write.1.tlog
D:\POLINOM\POLINOM.CPP\POLINOM.CPP\DEBUG\POLINOM.CPP.EXE.EMBED.MANIFEST
D:\POLINOM\POLINOM.CPP\POLINOM.CPP\DEBUG\POLINOM.CPP.EXE.EMBED.MANIFEST.RES
D:\POLINOM\POLINOM.CPP\POLINOM.CPP\DEBUG\POLINOM.CPP.EXE.INTERMEDIATE.MANIFEST
D:\Polinom\polinom.cpp\polinom.cpp\Debug\polinom.cpp.vcxprojResolveAssemblyReference.cache
D:\Polinom\polinom.cpp\polinom.cpp\Debug\polinom.cpp.write.1.tlog
D:\Polinom\polinom.cpp\polinom.cpp\Debug\polinom.cpp_manifest.rc
D:\POLINOM\POLINOM.CPP\POLINOM.CPP\DEBUG\POLINOM.OBJ
D:\Polinom\polinom.cpp\polinom.cpp\Debug\rc.command.1.tlog
D:\Polinom\polinom.cpp\polinom.cpp\Debug\rc.read.1.tlog
D:\Polinom\polinom.cpp\polinom.cpp\Debug\rc.write.1.tlog
D:\POLINOM\POLINOM.CPP\POLINOM.CPP\DEBUG\TRANSFORM.OBJ
D:\Polinom\polinom.cpp\polinom.cpp\Debug\vc100.idb
D:\POLINOM\POLINOM.CPP\POLINOM.CPP\DEBUG\VC100.PDB
